<?xml version="1.0" encoding="UTF-8"?>
<testng-results skipped="0" failed="1" total="1" passed="0">
  <reporter-output>
  </reporter-output>
  <suite name="Default suite" duration-ms="117295" started-at="2017-04-15T20:19:23Z" finished-at="2017-04-15T20:21:20Z">
    <groups>
    </groups>
    <test name="Default test" duration-ms="117295" started-at="2017-04-15T20:19:23Z" finished-at="2017-04-15T20:21:20Z">
      <class name="com.pack.Tests.CreateAccountTest">
        <test-method status="PASS" signature="initializeTestBaseSetup()[pri:0, instance:com.pack.Tests.CreateAccountTest@31a5c39e]" name="initializeTestBaseSetup" is-config="true" duration-ms="16017" started-at="2017-04-16T01:49:23Z" finished-at="2017-04-16T01:49:39Z">
          <reporter-output>
          </reporter-output>
        </test-method> <!-- initializeTestBaseSetup -->
        <test-method status="PASS" signature="creationObjects()[pri:0, instance:com.pack.Tests.CreateAccountTest@31a5c39e]" name="creationObjects" is-config="true" duration-ms="3094" started-at="2017-04-16T01:49:39Z" finished-at="2017-04-16T01:49:42Z">
          <reporter-output>
          </reporter-output>
        </test-method> <!-- creationObjects -->
        <test-method status="FAIL" signature="verifyCreateAccountFunctionality()[pri:0, instance:com.pack.Tests.CreateAccountTest@31a5c39e]" name="verifyCreateAccountFunctionality" duration-ms="95809" started-at="2017-04-16T01:49:42Z" finished-at="2017-04-16T01:51:18Z">
          <exception class="java.lang.AssertionError">
            <message>
              <![CDATA[Account creation is not successfull expected [true] but found [false]]]>
            </message>
            <full-stacktrace>
              <![CDATA[java.lang.AssertionError: Account creation is not successfull expected [true] but found [false]
	at org.testng.Assert.fail(Assert.java:94)
	at org.testng.Assert.failNotEquals(Assert.java:494)
	at org.testng.Assert.assertTrue(Assert.java:42)
	at com.pack.pageObjects.CreateAccountPage.verifyAccountCreationLink(CreateAccountPage.java:44)
	at com.pack.Tests.CreateAccountTest.verifyCreateAccountFunctionality(CreateAccountTest.java:63)
	at sun.reflect.NativeMethodAccessorImpl.invoke0(Native Method)
	at sun.reflect.NativeMethodAccessorImpl.invoke(Unknown Source)
	at sun.reflect.DelegatingMethodAccessorImpl.invoke(Unknown Source)
	at java.lang.reflect.Method.invoke(Unknown Source)
	at org.testng.internal.MethodInvocationHelper.invokeMethod(MethodInvocationHelper.java:84)
	at org.testng.internal.Invoker.invokeMethod(Invoker.java:714)
	at org.testng.internal.Invoker.invokeTestMethod(Invoker.java:901)
	at org.testng.internal.Invoker.invokeTestMethods(Invoker.java:1231)
	at org.testng.internal.TestMethodWorker.invokeTestMethods(TestMethodWorker.java:127)
	at org.testng.internal.TestMethodWorker.run(TestMethodWorker.java:111)
	at org.testng.TestRunner.privateRun(TestRunner.java:767)
	at org.testng.TestRunner.run(TestRunner.java:617)
	at org.testng.SuiteRunner.runTest(SuiteRunner.java:348)
	at org.testng.SuiteRunner.runSequentially(SuiteRunner.java:343)
	at org.testng.SuiteRunner.privateRun(SuiteRunner.java:305)
	at org.testng.SuiteRunner.run(SuiteRunner.java:254)
	at org.testng.SuiteRunnerWorker.runSuite(SuiteRunnerWorker.java:52)
	at org.testng.SuiteRunnerWorker.run(SuiteRunnerWorker.java:86)
	at org.testng.TestNG.runSuitesSequentially(TestNG.java:1224)
	at org.testng.TestNG.runSuitesLocally(TestNG.java:1149)
	at org.testng.TestNG.run(TestNG.java:1057)
	at org.testng.remote.AbstractRemoteTestNG.run(AbstractRemoteTestNG.java:132)
	at org.testng.remote.RemoteTestNG.initAndRun(RemoteTestNG.java:230)
	at org.testng.remote.RemoteTestNG.main(RemoteTestNG.java:76)
]]>
            </full-stacktrace>
          </exception> <!-- java.lang.AssertionError -->
          <reporter-output>
          </reporter-output>
        </test-method> <!-- verifyCreateAccountFunctionality -->
        <test-method status="PASS" signature="tearDown()[pri:0, instance:com.pack.Tests.CreateAccountTest@31a5c39e]" name="tearDown" is-config="true" duration-ms="2354" started-at="2017-04-16T01:51:18Z" finished-at="2017-04-16T01:51:20Z">
          <reporter-output>
          </reporter-output>
        </test-method> <!-- tearDown -->
      </class> <!-- com.pack.Tests.CreateAccountTest -->
    </test> <!-- Default test -->
  </suite> <!-- Default suite -->
</testng-results>
