<?xml version="1.0" encoding="UTF-8"?>
<!-- Generated by org.testng.reporters.JUnitReportReporter -->
<testsuite hostname="DESKTOP-ET4DG75" name="com.pack.Tests.CreateAccountTest" tests="1" failures="1" timestamp="17 Apr 2017 00:00:05 GMT" time="12.235" errors="0">
  <testcase name="verifyCreateAccountFunctionality" time="12.235" classname="com.pack.Tests.CreateAccountTest">
    <failure type="java.lang.AssertionError" message="Unable to select January from By.xpath: //select[@id=&#039;dobMonthDrop&#039;]
">
      <![CDATA[java.lang.AssertionError: Unable to select January from By.xpath: //select[@id='dobMonthDrop']

	at org.testng.Assert.fail(Assert.java:94)
	at com.selenium.WebConnector.safeSelectOptionInDropDown(WebConnector.java:442)
	at com.pack.pageObjects.CreateAccountPage.selectOptionInDropDown(CreateAccountPage.java:37)
	at com.pack.Tests.CreateAccountTest.verifyCreateAccountFunctionality(CreateAccountTest.java:48)
	at sun.reflect.NativeMethodAccessorImpl.invoke0(Native Method)
	at sun.reflect.NativeMethodAccessorImpl.invoke(NativeMethodAccessorImpl.java:62)
	at sun.reflect.DelegatingMethodAccessorImpl.invoke(DelegatingMethodAccessorImpl.java:43)
	at java.lang.reflect.Method.invoke(Method.java:498)
	at org.testng.internal.MethodInvocationHelper.invokeMethod(MethodInvocationHelper.java:85)
	at org.testng.internal.Invoker.invokeMethod(Invoker.java:639)
	at org.testng.internal.Invoker.invokeTestMethod(Invoker.java:816)
	at org.testng.internal.Invoker.invokeTestMethods(Invoker.java:1124)
	at org.testng.internal.TestMethodWorker.invokeTestMethods(TestMethodWorker.java:125)
	at org.testng.internal.TestMethodWorker.run(TestMethodWorker.java:108)
	at java.util.concurrent.ThreadPoolExecutor.runWorker(ThreadPoolExecutor.java:1142)
	at java.util.concurrent.ThreadPoolExecutor$Worker.run(ThreadPoolExecutor.java:617)
	at java.lang.Thread.run(Thread.java:745)
]]>
    </failure>
  </testcase> <!-- verifyCreateAccountFunctionality -->
</testsuite> <!-- com.pack.Tests.CreateAccountTest -->
