<?xml version="1.0" encoding="UTF-8"?>
<testng-results skipped="2" failed="1" total="3" passed="0">
  <reporter-output>
  </reporter-output>
  <suite name="Automation" duration-ms="20558" started-at="2017-04-16T23:59:44Z" finished-at="2017-04-17T00:00:05Z">
    <groups>
    </groups>
    <test name="UNO.EDU" duration-ms="20558" started-at="2017-04-16T23:59:44Z" finished-at="2017-04-17T00:00:05Z">
      <class name="com.pack.Tests.CreateAccountTest">
        <test-method status="PASS" signature="initializeTestBaseSetup()[pri:0, instance:com.pack.Tests.CreateAccountTest@13969fbe]" name="initializeTestBaseSetup" is-config="true" duration-ms="6935" started-at="2017-04-16T18:59:44Z" finished-at="2017-04-16T18:59:51Z">
          <reporter-output>
          </reporter-output>
        </test-method> <!-- initializeTestBaseSetup -->
        <test-method status="PASS" signature="creationObjects()[pri:0, instance:com.pack.Tests.CreateAccountTest@13969fbe]" name="creationObjects" is-config="true" duration-ms="2319" started-at="2017-04-16T18:59:51Z" finished-at="2017-04-16T18:59:54Z">
          <reporter-output>
          </reporter-output>
        </test-method> <!-- creationObjects -->
        <test-method status="FAIL" signature="verifyCreateAccountFunctionality()[pri:0, instance:com.pack.Tests.CreateAccountTest@13969fbe]" name="verifyCreateAccountFunctionality" duration-ms="9916" started-at="2017-04-16T18:59:54Z" finished-at="2017-04-16T19:00:04Z">
          <exception class="java.lang.AssertionError">
            <message>
              <![CDATA[Unable to select January from By.xpath: //select[@id='dobMonthDrop']
]]>
            </message>
            <full-stacktrace>
              <![CDATA[java.lang.AssertionError: Unable to select January from By.xpath: //select[@id='dobMonthDrop']

	at org.testng.Assert.fail(Assert.java:94)
	at com.selenium.WebConnector.safeSelectOptionInDropDown(WebConnector.java:442)
	at com.pack.pageObjects.CreateAccountPage.selectOptionInDropDown(CreateAccountPage.java:37)
	at com.pack.Tests.CreateAccountTest.verifyCreateAccountFunctionality(CreateAccountTest.java:48)
	at sun.reflect.NativeMethodAccessorImpl.invoke0(Native Method)
	at sun.reflect.NativeMethodAccessorImpl.invoke(NativeMethodAccessorImpl.java:62)
	at sun.reflect.DelegatingMethodAccessorImpl.invoke(DelegatingMethodAccessorImpl.java:43)
	at java.lang.reflect.Method.invoke(Method.java:498)
	at org.testng.internal.MethodInvocationHelper.invokeMethod(MethodInvocationHelper.java:85)
	at org.testng.internal.Invoker.invokeMethod(Invoker.java:639)
	at org.testng.internal.Invoker.invokeTestMethod(Invoker.java:816)
	at org.testng.internal.Invoker.invokeTestMethods(Invoker.java:1124)
	at org.testng.internal.TestMethodWorker.invokeTestMethods(TestMethodWorker.java:125)
	at org.testng.internal.TestMethodWorker.run(TestMethodWorker.java:108)
	at java.util.concurrent.ThreadPoolExecutor.runWorker(ThreadPoolExecutor.java:1142)
	at java.util.concurrent.ThreadPoolExecutor$Worker.run(ThreadPoolExecutor.java:617)
	at java.lang.Thread.run(Thread.java:745)
]]>
            </full-stacktrace>
          </exception> <!-- java.lang.AssertionError -->
          <reporter-output>
          </reporter-output>
        </test-method> <!-- verifyCreateAccountFunctionality -->
        <test-method status="FAIL" signature="tearDown()[pri:0, instance:com.pack.Tests.CreateAccountTest@13969fbe]" name="tearDown" is-config="true" duration-ms="0" started-at="2017-04-16T19:00:04Z" finished-at="2017-04-16T19:00:04Z">
          <exception class="org.openqa.selenium.remote.UnreachableBrowserException">
            <message>
              <![CDATA[Error communicating with the remote browser. It may have died.
Build info: version: '2.53.0', revision: '35ae25b', time: '2016-03-15 16:57:40'
System info: host: 'DESKTOP-ET4DG75', ip: '192.168.240.1', os.name: 'Windows 10', os.arch: 'amd64', os.version: '10.0', java.version: '1.8.0_111'
Driver info: driver.version: RemoteWebDriver
Capabilities [{applicationCacheEnabled=true, rotatable=false, handlesAlerts=true, databaseEnabled=true, version=46.0, platform=WINDOWS, nativeEvents=false, acceptSslCerts=true, webStorageEnabled=true, locationContextEnabled=true, browserName=firefox, takesScreenshot=true, javascriptEnabled=true, cssSelectorsEnabled=true}]
Session ID: fa9237d1-a082-4517-bfb5-60be8f132a72]]>
            </message>
            <full-stacktrace>
              <![CDATA[org.openqa.selenium.remote.UnreachableBrowserException: Error communicating with the remote browser. It may have died.
Build info: version: '2.53.0', revision: '35ae25b', time: '2016-03-15 16:57:40'
System info: host: 'DESKTOP-ET4DG75', ip: '192.168.240.1', os.name: 'Windows 10', os.arch: 'amd64', os.version: '10.0', java.version: '1.8.0_111'
Driver info: driver.version: RemoteWebDriver
Capabilities [{applicationCacheEnabled=true, rotatable=false, handlesAlerts=true, databaseEnabled=true, version=46.0, platform=WINDOWS, nativeEvents=false, acceptSslCerts=true, webStorageEnabled=true, locationContextEnabled=true, browserName=firefox, takesScreenshot=true, javascriptEnabled=true, cssSelectorsEnabled=true}]
Session ID: fa9237d1-a082-4517-bfb5-60be8f132a72
	at org.openqa.selenium.remote.RemoteWebDriver.execute(RemoteWebDriver.java:665)
	at org.openqa.selenium.remote.RemoteWebDriver.execute(RemoteWebDriver.java:701)
	at org.openqa.selenium.remote.RemoteWebDriver.quit(RemoteWebDriver.java:526)
	at com.pack.base.TestBaseSetup.tearDown(TestBaseSetup.java:88)
	at sun.reflect.NativeMethodAccessorImpl.invoke0(Native Method)
	at sun.reflect.NativeMethodAccessorImpl.invoke(NativeMethodAccessorImpl.java:62)
	at sun.reflect.DelegatingMethodAccessorImpl.invoke(DelegatingMethodAccessorImpl.java:43)
	at java.lang.reflect.Method.invoke(Method.java:498)
	at org.testng.internal.MethodInvocationHelper.invokeMethod(MethodInvocationHelper.java:85)
	at org.testng.internal.Invoker.invokeConfigurationMethod(Invoker.java:510)
	at org.testng.internal.Invoker.invokeConfigurations(Invoker.java:211)
	at org.testng.internal.Invoker.invokeConfigurations(Invoker.java:138)
	at org.testng.internal.TestMethodWorker.invokeAfterClassMethods(TestMethodWorker.java:220)
	at org.testng.internal.TestMethodWorker.run(TestMethodWorker.java:111)
	at java.util.concurrent.ThreadPoolExecutor.runWorker(ThreadPoolExecutor.java:1142)
	at java.util.concurrent.ThreadPoolExecutor$Worker.run(ThreadPoolExecutor.java:617)
	at java.lang.Thread.run(Thread.java:745)
Caused by: org.apache.http.conn.HttpHostConnectException: Connect to 127.0.0.1:7055 [/127.0.0.1] failed: Connection refused: connect
	at org.apache.http.impl.conn.DefaultHttpClientConnectionOperator.connect(DefaultHttpClientConnectionOperator.java:151)
	at org.apache.http.impl.conn.PoolingHttpClientConnectionManager.connect(PoolingHttpClientConnectionManager.java:353)
	at org.apache.http.impl.execchain.MainClientExec.establishRoute(MainClientExec.java:380)
	at org.apache.http.impl.execchain.MainClientExec.execute(MainClientExec.java:236)
	at org.apache.http.impl.execchain.ProtocolExec.execute(ProtocolExec.java:184)
	at org.apache.http.impl.execchain.RetryExec.execute(RetryExec.java:88)
	at org.apache.http.impl.execchain.RedirectExec.execute(RedirectExec.java:110)
	at org.apache.http.impl.client.InternalHttpClient.doExecute(InternalHttpClient.java:184)
	at org.apache.http.impl.client.CloseableHttpClient.execute(CloseableHttpClient.java:71)
	at org.apache.http.impl.client.CloseableHttpClient.execute(CloseableHttpClient.java:55)
	at org.openqa.selenium.remote.internal.ApacheHttpClient.fallBackExecute(ApacheHttpClient.java:144)
	at org.openqa.selenium.remote.internal.ApacheHttpClient.execute(ApacheHttpClient.java:90)
	at org.openqa.selenium.remote.HttpCommandExecutor.execute(HttpCommandExecutor.java:142)
	at org.openqa.selenium.firefox.internal.NewProfileExtensionConnection.execute(NewProfileExtensionConnection.java:160)
	at org.openqa.selenium.firefox.FirefoxDriver$LazyCommandExecutor.execute(FirefoxDriver.java:380)
	at org.openqa.selenium.remote.RemoteWebDriver.execute(RemoteWebDriver.java:644)
	... 16 more
Caused by: java.net.ConnectException: Connection refused: connect
	at java.net.DualStackPlainSocketImpl.waitForConnect(Native Method)
	at java.net.DualStackPlainSocketImpl.socketConnect(DualStackPlainSocketImpl.java:85)
	at java.net.AbstractPlainSocketImpl.doConnect(AbstractPlainSocketImpl.java:350)
	at java.net.AbstractPlainSocketImpl.connectToAddress(AbstractPlainSocketImpl.java:206)
	at java.net.AbstractPlainSocketImpl.connect(AbstractPlainSocketImpl.java:188)
	at java.net.PlainSocketImpl.connect(PlainSocketImpl.java:172)
	at java.net.SocksSocketImpl.connect(SocksSocketImpl.java:392)
	at java.net.Socket.connect(Socket.java:589)
	at org.apache.http.conn.socket.PlainConnectionSocketFactory.connectSocket(PlainConnectionSocketFactory.java:74)
	at org.apache.http.impl.conn.DefaultHttpClientConnectionOperator.connect(DefaultHttpClientConnectionOperator.java:134)
	... 31 more
]]>
            </full-stacktrace>
          </exception> <!-- org.openqa.selenium.remote.UnreachableBrowserException -->
          <reporter-output>
          </reporter-output>
        </test-method> <!-- tearDown -->
      </class> <!-- com.pack.Tests.CreateAccountTest -->
      <class name="com.pack.Tests.DashBoard_AcademicCalendarTest">
        <test-method status="SKIP" signature="creationObjects()[pri:0, instance:com.pack.Tests.DashBoard_AcademicCalendarTest@6aaa5eb0]" name="creationObjects" is-config="true" duration-ms="0" started-at="2017-04-16T19:00:05Z" finished-at="2017-04-16T19:00:05Z">
          <reporter-output>
          </reporter-output>
        </test-method> <!-- creationObjects -->
        <test-method status="SKIP" signature="initializeTestBaseSetup()[pri:0, instance:com.pack.Tests.DashBoard_AcademicCalendarTest@6aaa5eb0]" name="initializeTestBaseSetup" is-config="true" duration-ms="0" started-at="2017-04-16T19:00:05Z" finished-at="2017-04-16T19:00:05Z">
          <reporter-output>
          </reporter-output>
        </test-method> <!-- initializeTestBaseSetup -->
        <test-method status="SKIP" signature="verifyClickOnDownloadPdf()[pri:0, instance:com.pack.Tests.DashBoard_AcademicCalendarTest@6aaa5eb0]" name="verifyClickOnDownloadPdf" duration-ms="0" started-at="2017-04-16T19:00:05Z" finished-at="2017-04-16T19:00:05Z">
          <reporter-output>
          </reporter-output>
        </test-method> <!-- verifyClickOnDownloadPdf -->
        <test-method status="SKIP" signature="tearDown()[pri:0, instance:com.pack.Tests.DashBoard_AcademicCalendarTest@6aaa5eb0]" name="tearDown" is-config="true" duration-ms="0" started-at="2017-04-16T19:00:05Z" finished-at="2017-04-16T19:00:05Z">
          <reporter-output>
          </reporter-output>
        </test-method> <!-- tearDown -->
        <test-method status="SKIP" signature="creationObjects()[pri:0, instance:com.pack.Tests.DashBoard_AcademicCalendarTest@6aaa5eb0]" name="creationObjects" is-config="true" duration-ms="0" started-at="2017-04-16T19:00:05Z" finished-at="2017-04-16T19:00:05Z">
          <reporter-output>
          </reporter-output>
        </test-method> <!-- creationObjects -->
        <test-method status="SKIP" signature="verificationOfNavigationTabInAcademicCalendar()[pri:0, instance:com.pack.Tests.DashBoard_AcademicCalendarTest@6aaa5eb0]" name="verificationOfNavigationTabInAcademicCalendar" duration-ms="0" started-at="2017-04-16T19:00:05Z" finished-at="2017-04-16T19:00:05Z">
          <reporter-output>
          </reporter-output>
        </test-method> <!-- verificationOfNavigationTabInAcademicCalendar -->
      </class> <!-- com.pack.Tests.DashBoard_AcademicCalendarTest -->
    </test> <!-- UNO.EDU -->
  </suite> <!-- Automation -->
</testng-results>
